#
# There is insufficient memory for the Java Runtime Environment to continue.
# Native memory allocation (malloc) failed to allocate 1189680 bytes for Chunk::new
# Possible reasons:
#   The system is out of physical RAM or swap space
#   In 32 bit mode, the process size limit was hit
# Possible solutions:
#   Reduce memory load on the system
#   Increase physical memory or swap space
#   Check if swap backing store is full
#   Use 64 bit Java on a 64 bit OS
#   Decrease Java heap size (-Xmx/-Xms)
#   Decrease number of Java threads
#   Decrease Java thread stack sizes (-Xss)
#   Set larger code cache with -XX:ReservedCodeCacheSize=
# This output file may be truncated or incomplete.
#
#  Out of Memory Error (allocation.cpp:390), pid=14872, tid=0x000000000000263c
#
# JRE version: OpenJDK Runtime Environment (8.0_152-b01) (build 1.8.0_152-release-1343-b01)
# Java VM: OpenJDK 64-Bit Server VM (25.152-b01 mixed mode windows-amd64 compressed oops)
# Failed to write core dump. Minidumps are not enabled by default on client versions of Windows
#

---------------  T H R E A D  ---------------

Current thread (0x0000000018b19000):  JavaThread "C2 CompilerThread2" daemon [_thread_in_native, id=9788, stack(0x000000001a350000,0x000000001a450000)]

Stack: [0x000000001a350000,0x000000001a450000]
[error occurred during error reporting (printing stack bounds), id 0xc0000005]

Native frames: (J=compiled Java code, j=interpreted, Vv=VM code, C=native code)


Current CompileTask:
C2:   3927 3793       4       com.sun.beans.TypeResolver::resolve (37 bytes)


---------------  P R O C E S S  ---------------

Java Threads: ( => current thread )
  0x0000000020726000 JavaThread "Cache worker for Build Output Cleanup Cache (C:\Users\HP\Documents\TB_Android_D001\Code\.gradle\buildOutputCleanup)" [_thread_blocked, id=15056, stack(0x0000000024ff0000,0x00000000250f0000)]
  0x0000000020723800 JavaThread "pool-1-thread-1" [_thread_blocked, id=14056, stack(0x0000000024af0000,0x0000000024bf0000)]
  0x0000000020724800 JavaThread "Build operations Thread 12" [_thread_blocked, id=11176, stack(0x00000000249f0000,0x0000000024af0000)]
  0x0000000020725000 JavaThread "Build operations Thread 11" [_thread_blocked, id=13140, stack(0x00000000248f0000,0x00000000249f0000)]
  0x0000000020723000 JavaThread "Build operations Thread 10" [_thread_blocked, id=5176, stack(0x00000000247f0000,0x00000000248f0000)]
  0x0000000020720000 JavaThread "Build operations Thread 9" [_thread_blocked, id=15812, stack(0x00000000246f0000,0x00000000247f0000)]
  0x0000000020722000 JavaThread "Build operations Thread 8" [_thread_blocked, id=11884, stack(0x00000000245f0000,0x00000000246f0000)]
  0x0000000020721800 JavaThread "Build operations Thread 7" [_thread_blocked, id=3052, stack(0x00000000244f0000,0x00000000245f0000)]
  0x000000002071a000 JavaThread "Build operations Thread 6" [_thread_blocked, id=3620, stack(0x00000000243f0000,0x00000000244f0000)]
  0x000000002071c000 JavaThread "Build operations Thread 5" [_thread_blocked, id=652, stack(0x00000000242f0000,0x00000000243f0000)]
  0x000000002071e800 JavaThread "Build operations Thread 4" [_thread_blocked, id=7808, stack(0x00000000241f0000,0x00000000242f0000)]
  0x0000000020720800 JavaThread "Build operations Thread 3" [_thread_blocked, id=12132, stack(0x00000000240f0000,0x00000000241f0000)]
  0x000000002071b800 JavaThread "Build operations Thread 2" [_thread_blocked, id=13964, stack(0x0000000023ff0000,0x00000000240f0000)]
  0x000000002071d800 JavaThread "Build operations" [_thread_blocked, id=9840, stack(0x0000000023ef0000,0x0000000023ff0000)]
  0x000000001bb61000 JavaThread "Cache worker for execution history cache (C:\Users\HP\.gradle\caches\5.1.1\executionHistory)" [_thread_blocked, id=13764, stack(0x0000000023bb0000,0x0000000023cb0000)]
  0x000000001bb67000 JavaThread "Cache worker for cache directory md-rule (C:\Users\HP\.gradle\caches\5.1.1\md-rule)" [_thread_blocked, id=7080, stack(0x0000000023ab0000,0x0000000023bb0000)]
  0x000000001bb65800 JavaThread "Cache worker for cache directory md-supplier (C:\Users\HP\.gradle\caches\5.1.1\md-supplier)" [_thread_blocked, id=10948, stack(0x0000000023820000,0x0000000023920000)]
  0x000000001bb65000 JavaThread "Cache worker for file hash cache (C:\Users\HP\Documents\TB_Android_D001\Code\.gradle\5.1.1\fileHashes)" [_thread_blocked, id=816, stack(0x000000001f640000,0x000000001f740000)]
  0x000000001bb62800 JavaThread "Cache worker for journal cache (C:\Users\HP\.gradle\caches\journal-1)" [_thread_blocked, id=576, stack(0x000000001d3a0000,0x000000001d4a0000)]
  0x000000001bb66800 JavaThread "File lock request listener" [_thread_in_native, id=8768, stack(0x000000001d2a0000,0x000000001d3a0000)]
  0x000000001bd78800 JavaThread "Cache worker for file hash cache (C:\Users\HP\.gradle\caches\5.1.1\fileHashes)" [_thread_blocked, id=14740, stack(0x000000001d1a0000,0x000000001d2a0000)]
  0x000000001babb800 JavaThread "Thread-8" [_thread_blocked, id=6688, stack(0x000000001d0a0000,0x000000001d1a0000)]
  0x000000001baad800 JavaThread "Stdin handler" [_thread_blocked, id=13064, stack(0x000000001cfa0000,0x000000001d0a0000)]
  0x000000001baaa000 JavaThread "Asynchronous log dispatcher for DefaultDaemonConnection: socket connection from /127.0.0.1:61805 to /127.0.0.1:61806" [_thread_blocked, id=11224, stack(0x000000001cea0000,0x000000001cfa0000)]
  0x000000001ba93000 JavaThread "Daemon worker" [_thread_in_native, id=15836, stack(0x000000001cca0000,0x000000001cda0000)]
  0x000000001bad4000 JavaThread "Cancel handler" [_thread_blocked, id=6860, stack(0x000000001cba0000,0x000000001cca0000)]
  0x000000001ba34000 JavaThread "Handler for socket connection from /127.0.0.1:61805 to /127.0.0.1:61806" [_thread_in_native, id=12584, stack(0x000000001c8a0000,0x000000001c9a0000)]
  0x000000001ba2f800 JavaThread "Daemon" [_thread_blocked, id=2752, stack(0x000000001c7a0000,0x000000001c8a0000)]
  0x000000001b999000 JavaThread "Daemon periodic checks" [_thread_blocked, id=13756, stack(0x000000001c6a0000,0x000000001c7a0000)]
  0x000000001b994000 JavaThread "Incoming local TCP Connector on port 61805" [_thread_in_native, id=9812, stack(0x000000001c460000,0x000000001c560000)]
  0x0000000018ba2800 JavaThread "Service Thread" daemon [_thread_blocked, id=10548, stack(0x000000001a550000,0x000000001a650000)]
  0x0000000018b1a000 JavaThread "C1 CompilerThread3" daemon [_thread_blocked, id=6668, stack(0x000000001a450000,0x000000001a550000)]
=>0x0000000018b19000 JavaThread "C2 CompilerThread2" daemon [_thread_in_native, id=9788, stack(0x000000001a350000,0x000000001a450000)]
  0x0000000018b18800 JavaThread "C2 CompilerThread1" daemon [_thread_in_native, id=8432, stack(0x000000001a250000,0x000000001a350000)]
  0x0000000018b16000 JavaThread "C2 CompilerThread0" daemon [_thread_blocked, id=11776, stack(0x000000001a150000,0x000000001a250000)]
  0x0000000018b15000 JavaThread "Attach Listener" daemon [_thread_blocked, id=9324, stack(0x000000001a050000,0x000000001a150000)]
  0x0000000018b13800 JavaThread "Signal Dispatcher" daemon [_thread_blocked, id=5564, stack(0x0000000019f50000,0x000000001a050000)]
  0x0000000018b03800 JavaThread "Finalizer" daemon [_thread_blocked, id=10720, stack(0x0000000019d60000,0x0000000019e60000)]
  0x0000000003459000 JavaThread "Reference Handler" daemon [_thread_blocked, id=15116, stack(0x0000000019c60000,0x0000000019d60000)]
  0x000000000325d800 JavaThread "main" [_thread_blocked, id=8744, stack(0x0000000003260000,0x0000000003360000)]

Other Threads:
  0x0000000018ae2800 VMThread [stack: 0x0000000019b60000,0x0000000019c60000] [id=12988]
  0x0000000018ba3000 WatcherThread [stack: 0x000000001a650000,0x000000001a750000] [id=5816]

VM state:not at safepoint (normal execution)

VM Mutex/Monitor currently owned by a thread: None

Heap:
 PSYoungGen      total 71680K, used 48015K [0x00000000e0000000, 0x00000000e4b00000, 0x0000000100000000)
  eden space 66560K, 64% used [0x00000000e0000000,0x00000000e29e6050,0x00000000e4100000)
  from space 5120K, 99% used [0x00000000e4100000,0x00000000e45fdcc0,0x00000000e4600000)
  to   space 5120K, 0% used [0x00000000e4600000,0x00000000e4600000,0x00000000e4b00000)
 ParOldGen       total 64000K, used 22329K [0x00000000a0000000, 0x00000000a3e80000, 0x00000000e0000000)
  object space 64000K, 34% used [0x00000000a0000000,0x00000000a15ce6d8,0x00000000a3e80000)
 Metaspace       used 44748K, capacity 45676K, committed 46080K, reserved 1089536K
  class space    used 6038K, capacity 6292K, committed 6400K, reserved 1048576K

Card table byte_map: [0x0000000012820000,0x0000000012b30000] byte_map_base: 0x0000000012320000

Marking Bits: (ParMarkBitMap*) 0x0000000056165aa0
 Begin Bits: [0x0000000013730000, 0x0000000014f30000)
 End Bits:   [0x0000000014f30000, 0x0000000016730000)

Polling page: 0x0000000000fe0000

CodeCache: size=245760Kb used=13419Kb max_used=13428Kb free=232340Kb
 bounds [0x0000000003460000, 0x0000000004190000, 0x0000000012460000]
 total_blobs=4582 nmethods=3830 adapters=665
 compilation: enabled

Compilation events (10 events):
Event: 3.857 Thread 0x0000000018b1a000 3829       3       org.gradle.internal.operations.DefaultBuildOperationExecutor::createProgressLogger (33 bytes)
Event: 3.858 Thread 0x0000000018b1a000 nmethod 3829 0x0000000004183450 code [0x0000000004183600, 0x0000000004183c08]
Event: 3.867 Thread 0x0000000018b16000 3831       4       sun.misc.ProxyGenerator$ConstantPool::getUtf8 (18 bytes)
Event: 3.867 Thread 0x0000000018b16000 nmethod 3831 0x0000000004186b90 code [0x0000000004186ce0, 0x0000000004186d88]
Event: 3.867 Thread 0x0000000018b16000 3832       4       java.util.regex.Pattern$5::isSatisfiedBy (28 bytes)
Event: 3.868 Thread 0x0000000018b16000 nmethod 3832 0x00000000041853d0 code [0x0000000004185520, 0x00000000041855d8]
Event: 3.873 Thread 0x0000000018b1a000 3833       1       java.util.Formatter$FixedString::index (3 bytes)
Event: 3.874 Thread 0x0000000018b1a000 nmethod 3833 0x0000000004185110 code [0x0000000004185260, 0x0000000004185370]
Event: 3.874 Thread 0x0000000018b1a000 3834       3       org.gradle.internal.classloader.FilteringClassLoader::getPackage (22 bytes)
Event: 3.874 Thread 0x0000000018b1a000 nmethod 3834 0x0000000004184c90 code [0x0000000004184e00, 0x0000000004185058]

GC Heap History (10 events):
Event: 2.285 GC heap before
{Heap before GC invocations=7 (full 1):
 PSYoungGen      total 71680K, used 66560K [0x00000000e0000000, 0x00000000e4b00000, 0x0000000100000000)
  eden space 66560K, 100% used [0x00000000e0000000,0x00000000e4100000,0x00000000e4100000)
  from space 5120K, 0% used [0x00000000e4100000,0x00000000e4100000,0x00000000e4600000)
  to   space 5120K, 0% used [0x00000000e4600000,0x00000000e4600000,0x00000000e4b00000)
 ParOldGen       total 64000K, used 10280K [0x00000000a0000000, 0x00000000a3e80000, 0x00000000e0000000)
  object space 64000K, 16% used [0x00000000a0000000,0x00000000a0a0a158,0x00000000a3e80000)
 Metaspace       used 27919K, capacity 28452K, committed 28672K, reserved 1073152K
  class space    used 3830K, capacity 4030K, committed 4096K, reserved 1048576K
Event: 2.290 GC heap after
Heap after GC invocations=7 (full 1):
 PSYoungGen      total 71680K, used 5091K [0x00000000e0000000, 0x00000000e4b00000, 0x0000000100000000)
  eden space 66560K, 0% used [0x00000000e0000000,0x00000000e0000000,0x00000000e4100000)
  from space 5120K, 99% used [0x00000000e4600000,0x00000000e4af8ea8,0x00000000e4b00000)
  to   space 5120K, 0% used [0x00000000e4100000,0x00000000e4100000,0x00000000e4600000)
 ParOldGen       total 64000K, used 12569K [0x00000000a0000000, 0x00000000a3e80000, 0x00000000e0000000)
  object space 64000K, 19% used [0x00000000a0000000,0x00000000a0c46710,0x00000000a3e80000)
 Metaspace       used 27919K, capacity 28452K, committed 28672K, reserved 1073152K
  class space    used 3830K, capacity 4030K, committed 4096K, reserved 1048576K
}
Event: 2.681 GC heap before
{Heap before GC invocations=8 (full 1):
 PSYoungGen      total 71680K, used 71651K [0x00000000e0000000, 0x00000000e4b00000, 0x0000000100000000)
  eden space 66560K, 100% used [0x00000000e0000000,0x00000000e4100000,0x00000000e4100000)
  from space 5120K, 99% used [0x00000000e4600000,0x00000000e4af8ea8,0x00000000e4b00000)
  to   space 5120K, 0% used [0x00000000e4100000,0x00000000e4100000,0x00000000e4600000)
 ParOldGen       total 64000K, used 12569K [0x00000000a0000000, 0x00000000a3e80000, 0x00000000e0000000)
  object space 64000K, 19% used [0x00000000a0000000,0x00000000a0c46710,0x00000000a3e80000)
 Metaspace       used 32157K, capacity 32686K, committed 32896K, reserved 1077248K
  class space    used 4438K, capacity 4643K, committed 4736K, reserved 1048576K
Event: 2.689 GC heap after
Heap after GC invocations=8 (full 1):
 PSYoungGen      total 71680K, used 5120K [0x00000000e0000000, 0x00000000e4b00000, 0x0000000100000000)
  eden space 66560K, 0% used [0x00000000e0000000,0x00000000e0000000,0x00000000e4100000)
  from space 5120K, 100% used [0x00000000e4100000,0x00000000e4600000,0x00000000e4600000)
  to   space 5120K, 0% used [0x00000000e4600000,0x00000000e4600000,0x00000000e4b00000)
 ParOldGen       total 64000K, used 17062K [0x00000000a0000000, 0x00000000a3e80000, 0x00000000e0000000)
  object space 64000K, 26% used [0x00000000a0000000,0x00000000a10a9870,0x00000000a3e80000)
 Metaspace       used 32157K, capacity 32686K, committed 32896K, reserved 1077248K
  class space    used 4438K, capacity 4643K, committed 4736K, reserved 1048576K
}
Event: 3.058 GC heap before
{Heap before GC invocations=9 (full 1):
 PSYoungGen      total 71680K, used 57502K [0x00000000e0000000, 0x00000000e4b00000, 0x0000000100000000)
  eden space 66560K, 78% used [0x00000000e0000000,0x00000000e3327ad8,0x00000000e4100000)
  from space 5120K, 100% used [0x00000000e4100000,0x00000000e4600000,0x00000000e4600000)
  to   space 5120K, 0% used [0x00000000e4600000,0x00000000e4600000,0x00000000e4b00000)
 ParOldGen       total 64000K, used 17062K [0x00000000a0000000, 0x00000000a3e80000, 0x00000000e0000000)
  object space 64000K, 26% used [0x00000000a0000000,0x00000000a10a9870,0x00000000a3e80000)
 Metaspace       used 34484K, capacity 35358K, committed 35496K, reserved 1079296K
  class space    used 4771K, capacity 5025K, committed 5120K, reserved 1048576K
Event: 3.063 GC heap after
Heap after GC invocations=9 (full 1):
 PSYoungGen      total 71680K, used 5120K [0x00000000e0000000, 0x00000000e4b00000, 0x0000000100000000)
  eden space 66560K, 0% used [0x00000000e0000000,0x00000000e0000000,0x00000000e4100000)
  from space 5120K, 100% used [0x00000000e4600000,0x00000000e4b00000,0x00000000e4b00000)
  to   space 5120K, 0% used [0x00000000e4100000,0x00000000e4100000,0x00000000e4600000)
 ParOldGen       total 64000K, used 22087K [0x00000000a0000000, 0x00000000a3e80000, 0x00000000e0000000)
  object space 64000K, 34% used [0x00000000a0000000,0x00000000a1591c28,0x00000000a3e80000)
 Metaspace       used 34484K, capacity 35358K, committed 35496K, reserved 1079296K
  class space    used 4771K, capacity 5025K, committed 5120K, reserved 1048576K
}
Event: 3.063 GC heap before
{Heap before GC invocations=10 (full 2):
 PSYoungGen      total 71680K, used 5120K [0x00000000e0000000, 0x00000000e4b00000, 0x0000000100000000)
  eden space 66560K, 0% used [0x00000000e0000000,0x00000000e0000000,0x00000000e4100000)
  from space 5120K, 100% used [0x00000000e4600000,0x00000000e4b00000,0x00000000e4b00000)
  to   space 5120K, 0% used [0x00000000e4100000,0x00000000e4100000,0x00000000e4600000)
 ParOldGen       total 64000K, used 22087K [0x00000000a0000000, 0x00000000a3e80000, 0x00000000e0000000)
  object space 64000K, 34% used [0x00000000a0000000,0x00000000a1591c28,0x00000000a3e80000)
 Metaspace       used 34484K, capacity 35358K, committed 35496K, reserved 1079296K
  class space    used 4771K, capacity 5025K, committed 5120K, reserved 1048576K
Event: 3.108 GC heap after
Heap after GC invocations=10 (full 2):
 PSYoungGen      total 71680K, used 0K [0x00000000e0000000, 0x00000000e4b00000, 0x0000000100000000)
  eden space 66560K, 0% used [0x00000000e0000000,0x00000000e0000000,0x00000000e4100000)
  from space 5120K, 0% used [0x00000000e4600000,0x00000000e4600000,0x00000000e4b00000)
  to   space 5120K, 0% used [0x00000000e4100000,0x00000000e4100000,0x00000000e4600000)
 ParOldGen       total 64000K, used 17959K [0x00000000a0000000, 0x00000000a3e80000, 0x00000000e0000000)
  object space 64000K, 28% used [0x00000000a0000000,0x00000000a1189f78,0x00000000a3e80000)
 Metaspace       used 34437K, capacity 35202K, committed 35496K, reserved 1079296K
  class space    used 4757K, capacity 4999K, committed 5120K, reserved 1048576K
}
Event: 3.578 GC heap before
{Heap before GC invocations=11 (full 2):
 PSYoungGen      total 71680K, used 66560K [0x00000000e0000000, 0x00000000e4b00000, 0x0000000100000000)
  eden space 66560K, 100% used [0x00000000e0000000,0x00000000e4100000,0x00000000e4100000)
  from space 5120K, 0% used [0x00000000e4600000,0x00000000e4600000,0x00000000e4b00000)
  to   space 5120K, 0% used [0x00000000e4100000,0x00000000e4100000,0x00000000e4600000)
 ParOldGen       total 64000K, used 17959K [0x00000000a0000000, 0x00000000a3e80000, 0x00000000e0000000)
  object space 64000K, 28% used [0x00000000a0000000,0x00000000a1189f78,0x00000000a3e80000)
 Metaspace       used 42309K, capacity 43188K, committed 43392K, reserved 1087488K
  class space    used 5739K, capacity 6003K, committed 6016K, reserved 1048576K
Event: 3.585 GC heap after
Heap after GC invocations=11 (full 2):
 PSYoungGen      total 71680K, used 5111K [0x00000000e0000000, 0x00000000e4b00000, 0x0000000100000000)
  eden space 66560K, 0% used [0x00000000e0000000,0x00000000e0000000,0x00000000e4100000)
  from space 5120K, 99% used [0x00000000e4100000,0x00000000e45fdcc0,0x00000000e4600000)
  to   space 5120K, 0% used [0x00000000e4600000,0x00000000e4600000,0x00000000e4b00000)
 ParOldGen       total 64000K, used 22329K [0x00000000a0000000, 0x00000000a3e80000, 0x00000000e0000000)
  object space 64000K, 34% used [0x00000000a0000000,0x00000000a15ce6d8,0x00000000a3e80000)
 Metaspace       used 42309K, capacity 43188K, committed 43392K, reserved 1087488K
  class space    used 5739K, capacity 6003K, committed 6016K, reserved 1048576K
}

Deoptimization events (10 events):
Event: 3.309 Thread 0x000000001ba93000 Uncommon trap: reason=unstable_if action=reinterpret pc=0x0000000003f6bb84 method=java.lang.ThreadLocal$ThreadLocalMap.set(Ljava/lang/ThreadLocal;Ljava/lang/Object;)V @ 119
Event: 3.404 Thread 0x000000001ba93000 Uncommon trap: reason=unstable_if action=reinterpret pc=0x0000000003908a4c method=java.util.jar.Attributes$Name.isDigit(C)Z @ 3
Event: 3.413 Thread 0x000000001ba93000 Uncommon trap: reason=unstable_if action=reinterpret pc=0x0000000003e24c94 method=java.util.HashMap.putVal(ILjava/lang/Object;Ljava/lang/Object;ZZ)Ljava/lang/Object; @ 236
Event: 3.420 Thread 0x000000001ba93000 Uncommon trap: reason=unstable_if action=reinterpret pc=0x00000000039015bc method=java.lang.CharacterDataLatin1.isWhitespace(I)Z @ 14
Event: 3.440 Thread 0x000000001ba93000 Uncommon trap: reason=unstable_if action=reinterpret pc=0x0000000003d9f124 method=java.util.jar.JarFile.getInputStream(Ljava/util/zip/ZipEntry;)Ljava/io/InputStream; @ 37
Event: 3.442 Thread 0x000000001ba93000 Uncommon trap: reason=unstable_if action=reinterpret pc=0x00000000039852ec method=java.security.CodeSource.getCertificates()[Ljava/security/cert/Certificate; @ 22
Event: 3.442 Thread 0x000000001ba93000 Uncommon trap: reason=unstable_if action=reinterpret pc=0x0000000003efc27c method=java.security.CodeSource.matchCerts(Ljava/security/CodeSource;Z)Z @ 11
Event: 3.453 Thread 0x000000001ba93000 Uncommon trap: reason=unstable_if action=reinterpret pc=0x0000000003efa7d0 method=java.util.LinkedHashMap.get(Ljava/lang/Object;)Ljava/lang/Object; @ 20
Event: 3.494 Thread 0x000000001ba93000 Uncommon trap: reason=unstable_if action=reinterpret pc=0x0000000003cd8ca8 method=org.objectweb.asm.ByteVector.putUTF8(Ljava/lang/String;)Lorg/objectweb/asm/ByteVector; @ 93
Event: 3.549 Thread 0x000000001ba93000 Uncommon trap: reason=unstable_if action=reinterpret pc=0x0000000003be6930 method=org.objectweb.asm.ByteVector.putUTF8(Ljava/lang/String;)Lorg/objectweb/asm/ByteVector; @ 93

Classes redefined (0 events):
No events

Internal exceptions (10 events):
Event: 3.835 Thread 0x000000001ba93000 Exception <a 'java/lang/ClassNotFoundException': build_c940yxhivhqi0j4a3ahyrvbpe$_run_closure1BeanInfo> (0x00000000e238af20) thrown at [D:\src\AOSP-openjdk-cygwin\jdk8u\hotspot\src\share\vm\classfile\systemDictionary.cpp, line 210]
Event: 3.835 Thread 0x000000001ba93000 Exception <a 'java/lang/ClassNotFoundException': build_c940yxhivhqi0j4a3ahyrvbpe$_run_closure1Customizer> (0x00000000e239b270) thrown at [D:\src\AOSP-openjdk-cygwin\jdk8u\hotspot\src\share\vm\classfile\systemDictionary.cpp, line 210]
Event: 3.847 Thread 0x000000001ba93000 Exception <a 'java/lang/ClassNotFoundException': org/gradle/api/internal/file/collections/DefaultConfigurableFileTreeBeanInfo> (0x00000000e2530728) thrown at [D:\src\AOSP-openjdk-cygwin\jdk8u\hotspot\src\share\vm\classfile\systemDictionary.cpp, line 210]
Event: 3.848 Thread 0x000000001ba93000 Exception <a 'java/lang/ClassNotFoundException': org/gradle/api/internal/file/CompositeFileTreeBeanInfo> (0x00000000e25656d0) thrown at [D:\src\AOSP-openjdk-cygwin\jdk8u\hotspot\src\share\vm\classfile\systemDictionary.cpp, line 210]
Event: 3.848 Thread 0x000000001ba93000 Exception <a 'java/lang/ClassNotFoundException': org/gradle/api/internal/file/CompositeFileCollectionBeanInfo> (0x00000000e259f318) thrown at [D:\src\AOSP-openjdk-cygwin\jdk8u\hotspot\src\share\vm\classfile\systemDictionary.cpp, line 210]
Event: 3.849 Thread 0x000000001ba93000 Exception <a 'java/lang/ClassNotFoundException': org/gradle/api/internal/file/AbstractFileCollectionBeanInfo> (0x00000000e25d82a0) thrown at [D:\src\AOSP-openjdk-cygwin\jdk8u\hotspot\src\share\vm\classfile\systemDictionary.cpp, line 210]
Event: 3.849 Thread 0x000000001ba93000 Exception <a 'java/lang/ClassNotFoundException': org/gradle/api/internal/file/AbstractFileCollectionCustomizer> (0x00000000e2611f40) thrown at [D:\src\AOSP-openjdk-cygwin\jdk8u\hotspot\src\share\vm\classfile\systemDictionary.cpp, line 210]
Event: 3.850 Thread 0x000000001ba93000 Exception <a 'java/lang/ClassNotFoundException': org/gradle/api/internal/file/CompositeFileCollectionCustomizer> (0x00000000e26591d8) thrown at [D:\src\AOSP-openjdk-cygwin\jdk8u\hotspot\src\share\vm\classfile\systemDictionary.cpp, line 210]
Event: 3.851 Thread 0x000000001ba93000 Exception <a 'java/lang/ClassNotFoundException': org/gradle/api/internal/file/CompositeFileTreeCustomizer> (0x00000000e269ecb8) thrown at [D:\src\AOSP-openjdk-cygwin\jdk8u\hotspot\src\share\vm\classfile\systemDictionary.cpp, line 210]
Event: 3.851 Thread 0x000000001ba93000 Exception <a 'java/lang/ClassNotFoundException': org/gradle/api/internal/file/collections/DefaultConfigurableFileTreeCustomizer> (0x00000000e26ee5c0) thrown at [D:\src\AOSP-openjdk-cygwin\jdk8u\hotspot\src\share\vm\classfile\systemDictionary.cpp, line 210

Events (10 events):
Event: 3.876 loading class com/android/sdklib/repository/sources/generated/v3/ObjectFactory done
Event: 3.876 loading class com/android/sdklib/repository/sources/generated/v3/package-info
Event: 3.876 loading class com/android/sdklib/repository/sources/generated/v3/package-info done
Event: 3.876 loading class com/android/sdklib/repository/sources/generated/v4/ObjectFactory
Event: 3.876 loading class com/android/sdklib/repository/sources/generated/v4/ObjectFactory done
Event: 3.877 loading class com/android/repository/api/RemoteListSourceProvider
Event: 3.877 loading class com/android/repository/api/RemoteListSourceProvider done
Event: 3.877 loading class com/android/repository/impl/sources/RemoteListSourceProviderImpl
Event: 3.877 loading class com/android/repository/impl/sources/RemoteListSourceProviderImpl done
Event: 3.877 loading class javax/xml/bind/JAXBException


Dynamic libraries:
0x00007ff72cd10000 - 0x00007ff72cd41000 	D:\Program Files (x86)\Android Studio\jre\bin\java.exe
0x00007ffac06c0000 - 0x00007ffac08a1000 	C:\WINDOWS\SYSTEM32\ntdll.dll
0x00007ffabdb80000 - 0x00007ffabdc31000 	C:\WINDOWS\System32\KERNEL32.DLL
0x00007ffabd770000 - 0x00007ffabd9e3000 	C:\WINDOWS\System32\KERNELBASE.dll
0x00007ffabe820000 - 0x00007ffabe8c1000 	C:\WINDOWS\System32\ADVAPI32.dll
0x00007ffabe8f0000 - 0x00007ffabe98e000 	C:\WINDOWS\System32\msvcrt.dll
0x00007ffac0440000 - 0x00007ffac049b000 	C:\WINDOWS\System32\sechost.dll
0x00007ffabdf10000 - 0x00007ffabe034000 	C:\WINDOWS\System32\RPCRT4.dll
0x00007ffabe990000 - 0x00007ffabeb20000 	C:\WINDOWS\System32\USER32.dll
0x00007ffabd2f0000 - 0x00007ffabd310000 	C:\WINDOWS\System32\win32u.dll
0x00007ffabdb50000 - 0x00007ffabdb78000 	C:\WINDOWS\System32\GDI32.dll
0x00007ffabd390000 - 0x00007ffabd522000 	C:\WINDOWS\System32\gdi32full.dll
0x00007ffabd1a0000 - 0x00007ffabd23f000 	C:\WINDOWS\System32\msvcp_win.dll
0x00007ffabda50000 - 0x00007ffabdb48000 	C:\WINDOWS\System32\ucrtbase.dll
0x00007ffaa6f90000 - 0x00007ffaa71f9000 	C:\WINDOWS\WinSxS\amd64_microsoft.windows.common-controls_6595b64144ccf1df_6.0.17134.706_none_fb43a2cb30647007\COMCTL32.dll
0x00007ffabeb80000 - 0x00007ffabeea2000 	C:\WINDOWS\System32\combase.dll
0x00007ffabd310000 - 0x00007ffabd38a000 	C:\WINDOWS\System32\bcryptPrimitives.dll
0x00007ffabe780000 - 0x00007ffabe7ad000 	C:\WINDOWS\System32\IMM32.DLL
0x00000000557e0000 - 0x00000000558b2000 	D:\Program Files (x86)\Android Studio\jre\jre\bin\msvcr100.dll
0x00000000559a0000 - 0x00000000561e1000 	D:\Program Files (x86)\Android Studio\jre\jre\bin\server\jvm.dll
0x00007ffac0670000 - 0x00007ffac0678000 	C:\WINDOWS\System32\PSAPI.DLL
0x00007ffaa52d0000 - 0x00007ffaa52d9000 	C:\WINDOWS\SYSTEM32\WSOCK32.dll
0x00007ffab68d0000 - 0x00007ffab68da000 	C:\WINDOWS\SYSTEM32\VERSION.dll
0x00007ffab44a0000 - 0x00007ffab44c3000 	C:\WINDOWS\SYSTEM32\WINMM.dll
0x00007ffabe7b0000 - 0x00007ffabe81c000 	C:\WINDOWS\System32\WS2_32.dll
0x00007ffab4470000 - 0x00007ffab449a000 	C:\WINDOWS\SYSTEM32\WINMMBASE.dll
0x00007ffabd720000 - 0x00007ffabd769000 	C:\WINDOWS\System32\cfgmgr32.dll
0x00007ffaa4050000 - 0x00007ffaa405f000 	D:\Program Files (x86)\Android Studio\jre\jre\bin\verify.dll
0x00007ffa9edd0000 - 0x00007ffa9edf9000 	D:\Program Files (x86)\Android Studio\jre\jre\bin\java.dll
0x00007ffa9edb0000 - 0x00007ffa9edc6000 	D:\Program Files (x86)\Android Studio\jre\jre\bin\zip.dll
0x00007ffabeeb0000 - 0x00007ffac02f0000 	C:\WINDOWS\System32\SHELL32.dll
0x00007ffabdce0000 - 0x00007ffabdd89000 	C:\WINDOWS\System32\shcore.dll
0x00007ffabca90000 - 0x00007ffabd19d000 	C:\WINDOWS\System32\windows.storage.dll
0x00007ffac02f0000 - 0x00007ffac0341000 	C:\WINDOWS\System32\shlwapi.dll
0x00007ffabca50000 - 0x00007ffabca61000 	C:\WINDOWS\System32\kernel.appcore.dll
0x00007ffabca20000 - 0x00007ffabca3f000 	C:\WINDOWS\System32\profapi.dll
0x00007ffabc9d0000 - 0x00007ffabca1c000 	C:\WINDOWS\System32\powrprof.dll
0x00007ffabca40000 - 0x00007ffabca4a000 	C:\WINDOWS\System32\FLTLIB.DLL
0x00007ffa99f00000 - 0x00007ffa99f1a000 	D:\Program Files (x86)\Android Studio\jre\jre\bin\net.dll
0x00007ffabc250000 - 0x00007ffabc2b6000 	C:\WINDOWS\system32\mswsock.dll
0x00007ffa99ee0000 - 0x00007ffa99ef1000 	D:\Program Files (x86)\Android Studio\jre\jre\bin\nio.dll
0x00007ffab1b50000 - 0x00007ffab1b6e000 	C:\Users\HP\.gradle\native\25\windows-amd64\native-platform.dll
0x00007ffaa3d30000 - 0x00007ffaa3d3d000 	D:\Program Files (x86)\Android Studio\jre\jre\bin\management.dll
0x00007ffabc400000 - 0x00007ffabc417000 	C:\WINDOWS\SYSTEM32\CRYPTSP.dll
0x00007ffabbe30000 - 0x00007ffabbe63000 	C:\WINDOWS\system32\rsaenh.dll
0x00007ffabc530000 - 0x00007ffabc555000 	C:\WINDOWS\SYSTEM32\bcrypt.dll
0x00007ffabc900000 - 0x00007ffabc928000 	C:\WINDOWS\SYSTEM32\USERENV.dll
0x00007ffabc420000 - 0x00007ffabc42b000 	C:\WINDOWS\SYSTEM32\CRYPTBASE.dll
0x00007ffabbfd0000 - 0x00007ffabc008000 	C:\WINDOWS\SYSTEM32\IPHLPAPI.DLL
0x00007ffac04a0000 - 0x00007ffac04a8000 	C:\WINDOWS\System32\NSI.dll
0x00007ffab6880000 - 0x00007ffab6896000 	C:\WINDOWS\SYSTEM32\dhcpcsvc6.DLL
0x00007ffab6420000 - 0x00007ffab643a000 	C:\WINDOWS\SYSTEM32\dhcpcsvc.DLL

VM Arguments:
jvm_args: -Xmx1536m -Dfile.encoding=windows-1252 -Duser.country=US -Duser.language=en -Duser.variant 
java_command: org.gradle.launcher.daemon.bootstrap.GradleDaemon 5.1.1
java_class_path (initial): C:\Users\HP\.gradle\wrapper\dists\gradle-5.1.1-all\97z1ksx6lirer3kbvdnh7jtjg\gradle-5.1.1\lib\gradle-launcher-5.1.1.jar
Launcher Type: SUN_STANDARD

Environment Variables:
PATH=C:\WINDOWS\system32;C:\WINDOWS;C:\WINDOWS\System32\Wbem;C:\WINDOWS\System32\WindowsPowerShell\v1.0\;C:\WINDOWS\System32\OpenSSH\;C:\Program Files\Git\cmd;C:\Program Files\NVIDIA Corporation\NVIDIA NvDLISR;C:\Program Files (x86)\NVIDIA Corporation\PhysX\Common;C:\Users\HP\AppData\Local\Microsoft\WindowsApps;
USERNAME=HP
OS=Windows_NT
PROCESSOR_IDENTIFIER=Intel64 Family 6 Model 158 Stepping 10, GenuineIntel



---------------  S Y S T E M  ---------------

OS: Windows 10.0 , 64 bit Build 17134 (10.0.17134.706)

CPU:total 12 (initial active 12) (6 cores per cpu, 2 threads per core) family 6 model 158 stepping 10, cmov, cx8, fxsr, mmx, sse, sse2, sse3, ssse3, sse4.1, sse4.2, popcnt, avx, avx2, aes, clmul, erms, 3dnowpref, lzcnt, ht, tsc, tscinvbit, bmi1, bmi2, adx

Memory: 4k page, physical 8274164k(951924k free), swap 12177652k(5972k free)

vm_info: OpenJDK 64-Bit Server VM (25.152-b01) for windows-amd64 JRE (1.8.0_152-release-1343-b01), built by "builder" with MS VC++ 10.0 (VS2010)

time: Sat May 04 20:57:11 2019
elapsed time: 3 seconds (0d 0h 0m 3s)

