#
# There is insufficient memory for the Java Runtime Environment to continue.
# Native memory allocation (malloc) failed to allocate 1148976 bytes for Chunk::new
# Possible reasons:
#   The system is out of physical RAM or swap space
#   In 32 bit mode, the process size limit was hit
# Possible solutions:
#   Reduce memory load on the system
#   Increase physical memory or swap space
#   Check if swap backing store is full
#   Use 64 bit Java on a 64 bit OS
#   Decrease Java heap size (-Xmx/-Xms)
#   Decrease number of Java threads
#   Decrease Java thread stack sizes (-Xss)
#   Set larger code cache with -XX:ReservedCodeCacheSize=
# This output file may be truncated or incomplete.
#
#  Out of Memory Error (allocation.cpp:390), pid=1424, tid=0x0000000000003850
#
# JRE version: OpenJDK Runtime Environment (8.0_152-b01) (build 1.8.0_152-release-1343-b01)
# Java VM: OpenJDK 64-Bit Server VM (25.152-b01 mixed mode windows-amd64 compressed oops)
# Failed to write core dump. Minidumps are not enabled by default on client versions of Windows
#

---------------  T H R E A D  ---------------

Current thread (0x0000000018419000):  JavaThread "C2 CompilerThread0" daemon [_thread_in_native, id=14416, stack(0x0000000019a70000,0x0000000019b70000)]

Stack: [0x0000000019a70000,0x0000000019b70000]
[error occurred during error reporting (printing stack bounds), id 0xc0000005]

Native frames: (J=compiled Java code, j=interpreted, Vv=VM code, C=native code)


Current CompileTask:
C2:   1527 1355   !   4       java.net.URLClassLoader$1::run (63 bytes)


---------------  P R O C E S S  ---------------

Java Threads: ( => current thread )
  0x000000001b45d800 JavaThread "Cache worker for file hash cache (C:\Users\HP\Documents\TB_Android_D001\Code\.gradle\5.1.1\fileHashes)" [_thread_blocked, id=12664, stack(0x000000001ef60000,0x000000001f060000)]
  0x000000001b45a000 JavaThread "Cache worker for journal cache (C:\Users\HP\.gradle\caches\journal-1)" [_thread_blocked, id=10512, stack(0x000000001ccc0000,0x000000001cdc0000)]
  0x000000001b45d000 JavaThread "File lock request listener" [_thread_in_native, id=8512, stack(0x000000001cbc0000,0x000000001ccc0000)]
  0x000000001b3ed800 JavaThread "Cache worker for file hash cache (C:\Users\HP\.gradle\caches\5.1.1\fileHashes)" [_thread_blocked, id=14600, stack(0x000000001cac0000,0x000000001cbc0000)]
  0x000000001b37d000 JavaThread "Thread-8" [_thread_blocked, id=10304, stack(0x000000001c9c0000,0x000000001cac0000)]
  0x000000001b311000 JavaThread "Stdin handler" [_thread_blocked, id=11716, stack(0x000000001c8c0000,0x000000001c9c0000)]
  0x000000001b392800 JavaThread "Asynchronous log dispatcher for DefaultDaemonConnection: socket connection from /127.0.0.1:61846 to /127.0.0.1:61847" [_thread_blocked, id=11440, stack(0x000000001c7c0000,0x000000001c8c0000)]
  0x000000001b38c000 JavaThread "Daemon worker" [_thread_in_native, id=6716, stack(0x000000001c5c0000,0x000000001c6c0000)]
  0x000000001b386800 JavaThread "Cancel handler" [_thread_blocked, id=7508, stack(0x000000001c4c0000,0x000000001c5c0000)]
  0x000000001b24b000 JavaThread "Handler for socket connection from /127.0.0.1:61846 to /127.0.0.1:61847" [_thread_in_native, id=12196, stack(0x000000001c1c0000,0x000000001c2c0000)]
  0x000000001b24a000 JavaThread "Daemon" [_thread_blocked, id=276, stack(0x000000001c0c0000,0x000000001c1c0000)]
  0x000000001b3bd000 JavaThread "Daemon periodic checks" [_thread_blocked, id=10540, stack(0x000000001bfc0000,0x000000001c0c0000)]
  0x000000001b3c0000 JavaThread "Incoming local TCP Connector on port 61846" [_thread_in_native, id=9132, stack(0x000000001bd80000,0x000000001be80000)]
  0x00000000184b3800 JavaThread "Service Thread" daemon [_thread_blocked, id=6560, stack(0x0000000019e70000,0x0000000019f70000)]
  0x000000001842b800 JavaThread "C1 CompilerThread3" daemon [_thread_blocked, id=15688, stack(0x0000000019d70000,0x0000000019e70000)]
  0x0000000018423000 JavaThread "C2 CompilerThread2" daemon [_thread_blocked, id=7760, stack(0x0000000019c70000,0x0000000019d70000)]
  0x0000000018420000 JavaThread "C2 CompilerThread1" daemon [_thread_in_native, id=7608, stack(0x0000000019b70000,0x0000000019c70000)]
=>0x0000000018419000 JavaThread "C2 CompilerThread0" daemon [_thread_in_native, id=14416, stack(0x0000000019a70000,0x0000000019b70000)]
  0x0000000018418000 JavaThread "Attach Listener" daemon [_thread_blocked, id=11724, stack(0x0000000019970000,0x0000000019a70000)]
  0x0000000018427800 JavaThread "Signal Dispatcher" daemon [_thread_blocked, id=8916, stack(0x0000000019870000,0x0000000019970000)]
  0x0000000002d6e800 JavaThread "Finalizer" daemon [_thread_blocked, id=9128, stack(0x0000000019680000,0x0000000019780000)]
  0x0000000016d2c000 JavaThread "Reference Handler" daemon [_thread_blocked, id=15176, stack(0x0000000019580000,0x0000000019680000)]
  0x0000000002afd800 JavaThread "main" [_thread_blocked, id=12976, stack(0x0000000002b70000,0x0000000002c70000)]

Other Threads:
  0x00000000183f2800 VMThread [stack: 0x0000000019480000,0x0000000019580000] [id=11540]
  0x00000000184b4000 WatcherThread [stack: 0x0000000019f70000,0x000000001a070000] [id=14888]

VM state:not at safepoint (normal execution)

VM Mutex/Monitor currently owned by a thread: None

Heap:
 PSYoungGen      total 71680K, used 7648K [0x00000000e0000000, 0x00000000e8c00000, 0x0000000100000000)
  eden space 66560K, 3% used [0x00000000e0000000,0x00000000e027c2f0,0x00000000e4100000)
  from space 5120K, 99% used [0x00000000e4100000,0x00000000e45fc030,0x00000000e4600000)
  to   space 5120K, 0% used [0x00000000e8700000,0x00000000e8700000,0x00000000e8c00000)
 ParOldGen       total 87552K, used 5485K [0x00000000a0000000, 0x00000000a5580000, 0x00000000e0000000)
  object space 87552K, 6% used [0x00000000a0000000,0x00000000a055b668,0x00000000a5580000)
 Metaspace       used 16199K, capacity 16496K, committed 16640K, reserved 1062912K
  class space    used 2319K, capacity 2456K, committed 2560K, reserved 1048576K

Card table byte_map: [0x0000000012130000,0x0000000012440000] byte_map_base: 0x0000000011c30000

Marking Bits: (ParMarkBitMap*) 0x0000000056165aa0
 Begin Bits: [0x0000000013040000, 0x0000000014840000)
 End Bits:   [0x0000000014840000, 0x0000000016040000)

Polling page: 0x0000000000cf0000

CodeCache: size=245760Kb used=5042Kb max_used=5042Kb free=240717Kb
 bounds [0x0000000002d70000, 0x0000000003260000, 0x0000000011d70000]
 total_blobs=1833 nmethods=1440 adapters=306
 compilation: enabled

Compilation events (10 events):
Event: 1.507 Thread 0x0000000018423000 1434   !   4       java.lang.ref.Reference::tryHandlePending (115 bytes)
Event: 1.509 Thread 0x000000001842b800 1435       3       sun.misc.ProxyGenerator::codeLocalLoadStore (90 bytes)
Event: 1.510 Thread 0x000000001842b800 nmethod 1435 0x0000000003258190 code [0x00000000032583e0, 0x0000000003259508]
Event: 1.510 Thread 0x000000001842b800 1436       3       sun.misc.ProxyGenerator$ConstantPool::getMethodRef (33 bytes)
Event: 1.511 Thread 0x0000000018423000 nmethod 1434 0x0000000003255d90 code [0x0000000003255f40, 0x0000000003256888]
Event: 1.511 Thread 0x000000001842b800 nmethod 1436 0x000000000325c550 code [0x000000000325c7e0, 0x000000000325d588]
Event: 1.511 Thread 0x000000001842b800 1437       3       sun.misc.ProxyGenerator::access$900 (5 bytes)
Event: 1.511 Thread 0x000000001842b800 nmethod 1437 0x000000000325c050 code [0x000000000325c1c0, 0x000000000325c428]
Event: 1.511 Thread 0x000000001842b800 1438       3       java.io.ByteArrayOutputStream::<init> (43 bytes)
Event: 1.512 Thread 0x000000001842b800 nmethod 1438 0x0000000003257210 code [0x0000000003257400, 0x0000000003257d78]

GC Heap History (6 events):
Event: 0.552 GC heap before
{Heap before GC invocations=1 (full 0):
 PSYoungGen      total 38400K, used 33280K [0x00000000e0000000, 0x00000000e2a80000, 0x0000000100000000)
  eden space 33280K, 100% used [0x00000000e0000000,0x00000000e2080000,0x00000000e2080000)
  from space 5120K, 0% used [0x00000000e2580000,0x00000000e2580000,0x00000000e2a80000)
  to   space 5120K, 0% used [0x00000000e2080000,0x00000000e2080000,0x00000000e2580000)
 ParOldGen       total 87552K, used 0K [0x00000000a0000000, 0x00000000a5580000, 0x00000000e0000000)
  object space 87552K, 0% used [0x00000000a0000000,0x00000000a0000000,0x00000000a5580000)
 Metaspace       used 6596K, capacity 6734K, committed 7040K, reserved 1056768K
  class space    used 804K, capacity 843K, committed 896K, reserved 1048576K
Event: 0.559 GC heap after
Heap after GC invocations=1 (full 0):
 PSYoungGen      total 38400K, used 4142K [0x00000000e0000000, 0x00000000e4b00000, 0x0000000100000000)
  eden space 33280K, 0% used [0x00000000e0000000,0x00000000e0000000,0x00000000e2080000)
  from space 5120K, 80% used [0x00000000e2080000,0x00000000e248b988,0x00000000e2580000)
  to   space 5120K, 0% used [0x00000000e4600000,0x00000000e4600000,0x00000000e4b00000)
 ParOldGen       total 87552K, used 8K [0x00000000a0000000, 0x00000000a5580000, 0x00000000e0000000)
  object space 87552K, 0% used [0x00000000a0000000,0x00000000a0002000,0x00000000a5580000)
 Metaspace       used 6596K, capacity 6734K, committed 7040K, reserved 1056768K
  class space    used 804K, capacity 843K, committed 896K, reserved 1048576K
}
Event: 0.868 GC heap before
{Heap before GC invocations=2 (full 0):
 PSYoungGen      total 38400K, used 37422K [0x00000000e0000000, 0x00000000e4b00000, 0x0000000100000000)
  eden space 33280K, 100% used [0x00000000e0000000,0x00000000e2080000,0x00000000e2080000)
  from space 5120K, 80% used [0x00000000e2080000,0x00000000e248b988,0x00000000e2580000)
  to   space 5120K, 0% used [0x00000000e4600000,0x00000000e4600000,0x00000000e4b00000)
 ParOldGen       total 87552K, used 8K [0x00000000a0000000, 0x00000000a5580000, 0x00000000e0000000)
  object space 87552K, 0% used [0x00000000a0000000,0x00000000a0002000,0x00000000a5580000)
 Metaspace       used 8968K, capacity 9212K, committed 9472K, reserved 1056768K
  class space    used 1175K, capacity 1260K, committed 1280K, reserved 1048576K
Event: 0.872 GC heap after
Heap after GC invocations=2 (full 0):
 PSYoungGen      total 71680K, used 4656K [0x00000000e0000000, 0x00000000e4b00000, 0x0000000100000000)
  eden space 66560K, 0% used [0x00000000e0000000,0x00000000e0000000,0x00000000e4100000)
  from space 5120K, 90% used [0x00000000e4600000,0x00000000e4a8c298,0x00000000e4b00000)
  to   space 5120K, 0% used [0x00000000e4100000,0x00000000e4100000,0x00000000e4600000)
 ParOldGen       total 87552K, used 16K [0x00000000a0000000, 0x00000000a5580000, 0x00000000e0000000)
  object space 87552K, 0% used [0x00000000a0000000,0x00000000a0004000,0x00000000a5580000)
 Metaspace       used 8968K, capacity 9212K, committed 9472K, reserved 1056768K
  class space    used 1175K, capacity 1260K, committed 1280K, reserved 1048576K
}
Event: 1.498 GC heap before
{Heap before GC invocations=3 (full 0):
 PSYoungGen      total 71680K, used 71216K [0x00000000e0000000, 0x00000000e4b00000, 0x0000000100000000)
  eden space 66560K, 100% used [0x00000000e0000000,0x00000000e4100000,0x00000000e4100000)
  from space 5120K, 90% used [0x00000000e4600000,0x00000000e4a8c298,0x00000000e4b00000)
  to   space 5120K, 0% used [0x00000000e4100000,0x00000000e4100000,0x00000000e4600000)
 ParOldGen       total 87552K, used 16K [0x00000000a0000000, 0x00000000a5580000, 0x00000000e0000000)
  object space 87552K, 0% used [0x00000000a0000000,0x00000000a0004000,0x00000000a5580000)
 Metaspace       used 15784K, capacity 16144K, committed 16256K, reserved 1062912K
  class space    used 2258K, capacity 2424K, committed 2432K, reserved 1048576K
Event: 1.505 GC heap after
Heap after GC invocations=3 (full 0):
 PSYoungGen      total 71680K, used 5104K [0x00000000e0000000, 0x00000000e8c00000, 0x0000000100000000)
  eden space 66560K, 0% used [0x00000000e0000000,0x00000000e0000000,0x00000000e4100000)
  from space 5120K, 99% used [0x00000000e4100000,0x00000000e45fc030,0x00000000e4600000)
  to   space 5120K, 0% used [0x00000000e8700000,0x00000000e8700000,0x00000000e8c00000)
 ParOldGen       total 87552K, used 5485K [0x00000000a0000000, 0x00000000a5580000, 0x00000000e0000000)
  object space 87552K, 6% used [0x00000000a0000000,0x00000000a055b668,0x00000000a5580000)
 Metaspace       used 15784K, capacity 16144K, committed 16256K, reserved 1062912K
  class space    used 2258K, capacity 2424K, committed 2432K, reserved 1048576K
}

Deoptimization events (10 events):
Event: 1.220 Thread 0x000000001b38c000 Uncommon trap: reason=bimorphic action=maybe_recompile pc=0x000000000300eec0 method=java.util.HashMap.putVal(ILjava/lang/Object;Ljava/lang/Object;ZZ)Ljava/lang/Object; @ 253
Event: 1.221 Thread 0x000000001b38c000 Uncommon trap: reason=bimorphic action=maybe_recompile pc=0x000000000300eec0 method=java.util.HashMap.putVal(ILjava/lang/Object;Ljava/lang/Object;ZZ)Ljava/lang/Object; @ 253
Event: 1.221 Thread 0x000000001b38c000 Uncommon trap: reason=bimorphic action=maybe_recompile pc=0x000000000300eec0 method=java.util.HashMap.putVal(ILjava/lang/Object;Ljava/lang/Object;ZZ)Ljava/lang/Object; @ 253
Event: 1.221 Thread 0x000000001b38c000 Uncommon trap: reason=bimorphic action=maybe_recompile pc=0x000000000300eec0 method=java.util.HashMap.putVal(ILjava/lang/Object;Ljava/lang/Object;ZZ)Ljava/lang/Object; @ 253
Event: 1.221 Thread 0x000000001b38c000 Uncommon trap: reason=bimorphic action=maybe_recompile pc=0x000000000300a2e8 method=java.util.HashMap.putVal(ILjava/lang/Object;Ljava/lang/Object;ZZ)Ljava/lang/Object; @ 253
Event: 1.313 Thread 0x000000001b38c000 Uncommon trap: reason=class_check action=maybe_recompile pc=0x0000000003025e18 method=java.util.regex.Matcher.match(II)Z @ 86
Event: 1.320 Thread 0x000000001b38c000 Uncommon trap: reason=class_check action=maybe_recompile pc=0x0000000003025e18 method=java.util.regex.Matcher.match(II)Z @ 86
Event: 1.320 Thread 0x000000001b38c000 Uncommon trap: reason=class_check action=maybe_recompile pc=0x0000000003025e18 method=java.util.regex.Matcher.match(II)Z @ 86
Event: 1.320 Thread 0x000000001b38c000 Uncommon trap: reason=class_check action=maybe_recompile pc=0x0000000002fece9c method=java.util.regex.Matcher.match(II)Z @ 86
Event: 1.443 Thread 0x000000001b38c000 Uncommon trap: reason=unstable_if action=reinterpret pc=0x000000000313a734 method=java.lang.String.lastIndexOf([CII[CIII)I @ 66

Classes redefined (0 events):
No events

Internal exceptions (10 events):
Event: 1.191 Thread 0x000000001b24b000 Exception <a 'java/lang/NoSuchMethodError': <clinit>> (0x00000000e09b4590) thrown at [D:\src\AOSP-openjdk-cygwin\jdk8u\hotspot\src\share\vm\prims\jni.cpp, line 1613]
Event: 1.193 Thread 0x000000001b24b000 Exception <a 'java/lang/NoSuchMethodError': <clinit>> (0x00000000e09c7600) thrown at [D:\src\AOSP-openjdk-cygwin\jdk8u\hotspot\src\share\vm\prims\jni.cpp, line 1613]
Event: 1.195 Thread 0x000000001b24b000 Exception <a 'java/lang/NoSuchMethodError': <clinit>> (0x00000000e09ee380) thrown at [D:\src\AOSP-openjdk-cygwin\jdk8u\hotspot\src\share\vm\prims\jni.cpp, line 1613]
Event: 1.196 Thread 0x000000001b24b000 Exception <a 'java/lang/NoSuchMethodError': <clinit>> (0x00000000e0a05f50) thrown at [D:\src\AOSP-openjdk-cygwin\jdk8u\hotspot\src\share\vm\prims\jni.cpp, line 1613]
Event: 1.196 Thread 0x000000001b24b000 Exception <a 'java/lang/NoSuchMethodError': <clinit>> (0x00000000e0a0ea18) thrown at [D:\src\AOSP-openjdk-cygwin\jdk8u\hotspot\src\share\vm\prims\jni.cpp, line 1613]
Event: 1.197 Thread 0x000000001b24b000 Exception <a 'java/lang/NoSuchMethodError': <clinit>> (0x00000000e0a24b20) thrown at [D:\src\AOSP-openjdk-cygwin\jdk8u\hotspot\src\share\vm\prims\jni.cpp, line 1613]
Event: 1.201 Thread 0x000000001b24b000 Exception <a 'java/lang/NoSuchMethodError': <clinit>> (0x00000000e0a83180) thrown at [D:\src\AOSP-openjdk-cygwin\jdk8u\hotspot\src\share\vm\prims\jni.cpp, line 1613]
Event: 1.203 Thread 0x000000001b24b000 Exception <a 'java/lang/NoSuchMethodError': <clinit>> (0x00000000e0aaf820) thrown at [D:\src\AOSP-openjdk-cygwin\jdk8u\hotspot\src\share\vm\prims\jni.cpp, line 1613]
Event: 1.205 Thread 0x000000001b24b000 Exception <a 'java/lang/NoSuchMethodError': <clinit>> (0x00000000e0add3d8) thrown at [D:\src\AOSP-openjdk-cygwin\jdk8u\hotspot\src\share\vm\prims\jni.cpp, line 1613]
Event: 1.206 Thread 0x000000001b24b000 Exception <a 'java/lang/NoSuchMethodError': <clinit>> (0x00000000e0ae8670) thrown at [D:\src\AOSP-openjdk-cygwin\jdk8u\hotspot\src\share\vm\prims\jni.cpp, line 1613]

Events (10 events):
Event: 1.520 loading class org/gradle/internal/metaobject/MixInClosurePropertiesAsMethodsDynamicObject
Event: 1.520 loading class org/gradle/internal/metaobject/MixInClosurePropertiesAsMethodsDynamicObject done
Event: 1.520 loading class org/gradle/internal/metaobject/CompositeDynamicObject
Event: 1.520 loading class org/gradle/internal/metaobject/CompositeDynamicObject done
Event: 1.520 loading class org/gradle/internal/metaobject/BeanDynamicObject
Event: 1.520 loading class org/gradle/internal/metaobject/BeanDynamicObject done
Event: 1.521 loading class org/gradle/util/ConfigureUtil
Event: 1.521 loading class org/gradle/util/ConfigureUtil done
Event: 1.521 loading class org/gradle/api/internal/DependencyInjectingInstantiator$WithServiceRegistry
Event: 1.521 loading class org/gradle/api/internal/DependencyInjectingInstantiator$WithServiceRegistry done


Dynamic libraries:
0x00007ff72cd10000 - 0x00007ff72cd41000 	D:\Program Files (x86)\Android Studio\jre\bin\java.exe
0x00007ffac06c0000 - 0x00007ffac08a1000 	C:\WINDOWS\SYSTEM32\ntdll.dll
0x00007ffabdb80000 - 0x00007ffabdc31000 	C:\WINDOWS\System32\KERNEL32.DLL
0x00007ffabd770000 - 0x00007ffabd9e3000 	C:\WINDOWS\System32\KERNELBASE.dll
0x00007ffabe820000 - 0x00007ffabe8c1000 	C:\WINDOWS\System32\ADVAPI32.dll
0x00007ffabe8f0000 - 0x00007ffabe98e000 	C:\WINDOWS\System32\msvcrt.dll
0x00007ffac0440000 - 0x00007ffac049b000 	C:\WINDOWS\System32\sechost.dll
0x00007ffabdf10000 - 0x00007ffabe034000 	C:\WINDOWS\System32\RPCRT4.dll
0x00007ffabe990000 - 0x00007ffabeb20000 	C:\WINDOWS\System32\USER32.dll
0x00007ffabd2f0000 - 0x00007ffabd310000 	C:\WINDOWS\System32\win32u.dll
0x00007ffabdb50000 - 0x00007ffabdb78000 	C:\WINDOWS\System32\GDI32.dll
0x00007ffabd390000 - 0x00007ffabd522000 	C:\WINDOWS\System32\gdi32full.dll
0x00007ffabd1a0000 - 0x00007ffabd23f000 	C:\WINDOWS\System32\msvcp_win.dll
0x00007ffabda50000 - 0x00007ffabdb48000 	C:\WINDOWS\System32\ucrtbase.dll
0x00007ffaa6f90000 - 0x00007ffaa71f9000 	C:\WINDOWS\WinSxS\amd64_microsoft.windows.common-controls_6595b64144ccf1df_6.0.17134.706_none_fb43a2cb30647007\COMCTL32.dll
0x00007ffabeb80000 - 0x00007ffabeea2000 	C:\WINDOWS\System32\combase.dll
0x00007ffabd310000 - 0x00007ffabd38a000 	C:\WINDOWS\System32\bcryptPrimitives.dll
0x00007ffabe780000 - 0x00007ffabe7ad000 	C:\WINDOWS\System32\IMM32.DLL
0x00000000557e0000 - 0x00000000558b2000 	D:\Program Files (x86)\Android Studio\jre\jre\bin\msvcr100.dll
0x00000000559a0000 - 0x00000000561e1000 	D:\Program Files (x86)\Android Studio\jre\jre\bin\server\jvm.dll
0x00007ffac0670000 - 0x00007ffac0678000 	C:\WINDOWS\System32\PSAPI.DLL
0x00007ffaa52d0000 - 0x00007ffaa52d9000 	C:\WINDOWS\SYSTEM32\WSOCK32.dll
0x00007ffab44a0000 - 0x00007ffab44c3000 	C:\WINDOWS\SYSTEM32\WINMM.dll
0x00007ffab68d0000 - 0x00007ffab68da000 	C:\WINDOWS\SYSTEM32\VERSION.dll
0x00007ffabe7b0000 - 0x00007ffabe81c000 	C:\WINDOWS\System32\WS2_32.dll
0x00007ffab4470000 - 0x00007ffab449a000 	C:\WINDOWS\SYSTEM32\winmmbase.dll
0x00007ffabd720000 - 0x00007ffabd769000 	C:\WINDOWS\System32\cfgmgr32.dll
0x00007ffaa4050000 - 0x00007ffaa405f000 	D:\Program Files (x86)\Android Studio\jre\jre\bin\verify.dll
0x00007ffa9edd0000 - 0x00007ffa9edf9000 	D:\Program Files (x86)\Android Studio\jre\jre\bin\java.dll
0x00007ffa9edb0000 - 0x00007ffa9edc6000 	D:\Program Files (x86)\Android Studio\jre\jre\bin\zip.dll
0x00007ffabeeb0000 - 0x00007ffac02f0000 	C:\WINDOWS\System32\SHELL32.dll
0x00007ffabdce0000 - 0x00007ffabdd89000 	C:\WINDOWS\System32\shcore.dll
0x00007ffabca90000 - 0x00007ffabd19d000 	C:\WINDOWS\System32\windows.storage.dll
0x00007ffac02f0000 - 0x00007ffac0341000 	C:\WINDOWS\System32\shlwapi.dll
0x00007ffabca50000 - 0x00007ffabca61000 	C:\WINDOWS\System32\kernel.appcore.dll
0x00007ffabca20000 - 0x00007ffabca3f000 	C:\WINDOWS\System32\profapi.dll
0x00007ffabc9d0000 - 0x00007ffabca1c000 	C:\WINDOWS\System32\powrprof.dll
0x00007ffabca40000 - 0x00007ffabca4a000 	C:\WINDOWS\System32\FLTLIB.DLL
0x00007ffa99f00000 - 0x00007ffa99f1a000 	D:\Program Files (x86)\Android Studio\jre\jre\bin\net.dll
0x00007ffabc250000 - 0x00007ffabc2b6000 	C:\WINDOWS\system32\mswsock.dll
0x00007ffa99ee0000 - 0x00007ffa99ef1000 	D:\Program Files (x86)\Android Studio\jre\jre\bin\nio.dll
0x00007ffab1b50000 - 0x00007ffab1b6e000 	C:\Users\HP\.gradle\native\25\windows-amd64\native-platform.dll
0x00007ffaa3d30000 - 0x00007ffaa3d3d000 	D:\Program Files (x86)\Android Studio\jre\jre\bin\management.dll
0x00007ffabc400000 - 0x00007ffabc417000 	C:\WINDOWS\SYSTEM32\CRYPTSP.dll
0x00007ffabbe30000 - 0x00007ffabbe63000 	C:\WINDOWS\system32\rsaenh.dll
0x00007ffabc530000 - 0x00007ffabc555000 	C:\WINDOWS\SYSTEM32\bcrypt.dll
0x00007ffabc900000 - 0x00007ffabc928000 	C:\WINDOWS\SYSTEM32\USERENV.dll
0x00007ffabc420000 - 0x00007ffabc42b000 	C:\WINDOWS\SYSTEM32\CRYPTBASE.dll
0x00007ffabbfd0000 - 0x00007ffabc008000 	C:\WINDOWS\SYSTEM32\IPHLPAPI.DLL
0x00007ffac04a0000 - 0x00007ffac04a8000 	C:\WINDOWS\System32\NSI.dll
0x00007ffab6880000 - 0x00007ffab6896000 	C:\WINDOWS\SYSTEM32\dhcpcsvc6.DLL
0x00007ffab6420000 - 0x00007ffab643a000 	C:\WINDOWS\SYSTEM32\dhcpcsvc.DLL

VM Arguments:
jvm_args: -Xmx1536m -Dfile.encoding=windows-1252 -Duser.country=US -Duser.language=en -Duser.variant 
java_command: org.gradle.launcher.daemon.bootstrap.GradleDaemon 5.1.1
java_class_path (initial): C:\Users\HP\.gradle\wrapper\dists\gradle-5.1.1-all\97z1ksx6lirer3kbvdnh7jtjg\gradle-5.1.1\lib\gradle-launcher-5.1.1.jar
Launcher Type: SUN_STANDARD

Environment Variables:
PATH=C:\WINDOWS\system32;C:\WINDOWS;C:\WINDOWS\System32\Wbem;C:\WINDOWS\System32\WindowsPowerShell\v1.0\;C:\WINDOWS\System32\OpenSSH\;C:\Program Files\Git\cmd;C:\Program Files\NVIDIA Corporation\NVIDIA NvDLISR;C:\Program Files (x86)\NVIDIA Corporation\PhysX\Common;C:\Users\HP\AppData\Local\Microsoft\WindowsApps;
USERNAME=HP
OS=Windows_NT
PROCESSOR_IDENTIFIER=Intel64 Family 6 Model 158 Stepping 10, GenuineIntel



---------------  S Y S T E M  ---------------

OS: Windows 10.0 , 64 bit Build 17134 (10.0.17134.706)

CPU:total 12 (initial active 12) (6 cores per cpu, 2 threads per core) family 6 model 158 stepping 10, cmov, cx8, fxsr, mmx, sse, sse2, sse3, ssse3, sse4.1, sse4.2, popcnt, avx, avx2, aes, clmul, erms, 3dnowpref, lzcnt, ht, tsc, tscinvbit, bmi1, bmi2, adx

Memory: 4k page, physical 8274164k(1059548k free), swap 12177652k(5184k free)

vm_info: OpenJDK 64-Bit Server VM (25.152-b01) for windows-amd64 JRE (1.8.0_152-release-1343-b01), built by "builder" with MS VC++ 10.0 (VS2010)

time: Sat May 04 20:57:43 2019
elapsed time: 1 seconds (0d 0h 0m 1s)

